Arguments: 
  C:\Program Files\node.exe C:\Users\Natalia\AppData\Roaming\npm\node_modules\yarn\bin\yarn.js add [package]@[version]

PATH: 
  C:\Windows\system32;C:\Windows;C:\Windows\System32\Wbem;C:\Windows\System32\WindowsPowerShell\v1.0\;C:\Windows\System32\OpenSSH\;%JAVA_HOME%\bin;C:\Program Files\Java\jdk-19\bin;C:\Program Files\Git\cmd;C:\Program Files\;C:\Users\Natalia\AppData\Local\Programs\Microsoft VS Code\bin;C:\Program Files\JetBrains\WebStorm 2022.3\bin;;C:\Users\Natalia\AppData\Local\GitHubDesktop\bin;C:\Users\Natalia\AppData\Roaming\npm;C:\Program Files\Nodejs;

Yarn version: 
  1.22.19

Node version: 
  19.8.1

Platform: 
  win32 x64

Trace: 
  Error: https://registry.yarnpkg.com/[package]: Not found
      at params.callback [as _callback] (C:\Users\Natalia\AppData\Roaming\npm\node_modules\yarn\lib\cli.js:66145:18)
      at self.callback (C:\Users\Natalia\AppData\Roaming\npm\node_modules\yarn\lib\cli.js:140890:22)
      at Request.emit (node:events:512:28)
      at Request.<anonymous> (C:\Users\Natalia\AppData\Roaming\npm\node_modules\yarn\lib\cli.js:141862:10)
      at Request.emit (node:events:512:28)
      at IncomingMessage.<anonymous> (C:\Users\Natalia\AppData\Roaming\npm\node_modules\yarn\lib\cli.js:141784:12)
      at Object.onceWrapper (node:events:626:28)
      at IncomingMessage.emit (node:events:524:35)
      at endReadableNT (node:internal/streams/readable:1359:12)
      at process.processTicksAndRejections (node:internal/process/task_queues:82:21)

npm manifest: 
  {
    "name": "homework_jest_11.1",
    "version": "1.0.0",
    "main": "babel.config.js",
    "scripts": {
      "test": "jest"
    },
    "keywords": [],
    "author": "",
    "license": "ISC",
    "dependencies": {
      "request": "^2.88.2"
    },
    "description": "",
    "devDependencies": {
      "@babel/preset-env": "^7.21.4",
      "cypress": "^12.9.0"
    }
  }

yarn manifest: 
  No manifest

Lockfile: 
  No lockfile
